{"jwtExpires":"7d","jwtSecret":"Definido","level":"info","message":"SERVER_START","mongodb":"Definido","nodeEnv":"development","port":"3000","timestamp":"2026-07-07 16:56:24"}
{"level":"info","message":"ANONYMIZATION_JOB_SCHEDULED Job de anonimización de datos programado correctamente","schedule":"0 2 * * * (cada día a las 2:00 AM)","timestamp":"2026-07-07 16:56:24","type":"LIFECYCLE"}
{"level":"info","message":"SERVER_READY Servidor corriendo en http://localhost:3000","timestamp":"2026-07-07 16:56:24"}
{"action":"LOGIN_SUCCESS","detail":"","ip":"::1","level":"info","message":"AUDIT_EVENT","resource":"auth","resourceId":"N/A","result":"SUCCESS","role":"client","timestamp":"2026-07-07 16:58:22","type":"AUDIT","userId":"6a46f496b4f9e866b157a2be"}
{"action":"LOGIN_FAILED","detail":"Contraseña incorrecta","ip":"::1","level":"info","message":"AUDIT_EVENT","resource":"auth","resourceId":"N/A","result":"DENIED","role":"client","timestamp":"2026-07-07 17:00:50","type":"AUDIT","userId":"6a46f496b4f9e866b157a2be"}
{"action":"LOGIN_FAILED","detail":"Contraseña incorrecta","ip":"::1","level":"info","message":"AUDIT_EVENT","resource":"auth","resourceId":"N/A","result":"DENIED","role":"client","timestamp":"2026-07-07 17:00:52","type":"AUDIT","userId":"6a46f496b4f9e866b157a2be"}
{"action":"LOGIN_FAILED","detail":"Contraseña incorrecta","ip":"::1","level":"info","message":"AUDIT_EVENT","resource":"auth","resourceId":"N/A","result":"DENIED","role":"client","timestamp":"2026-07-07 17:00:53","type":"AUDIT","userId":"6a46f496b4f9e866b157a2be"}
{"action":"LOGIN_FAILED","detail":"Contraseña incorrecta","ip":"::1","level":"info","message":"AUDIT_EVENT","resource":"auth","resourceId":"N/A","result":"DENIED","role":"client","timestamp":"2026-07-07 17:00:55","type":"AUDIT","userId":"6a46f496b4f9e866b157a2be"}
{"action":"LOGIN_FAILED","detail":"Contraseña incorrecta","ip":"::1","level":"info","message":"AUDIT_EVENT","resource":"auth","resourceId":"N/A","result":"DENIED","role":"client","timestamp":"2026-07-07 17:00:57","type":"AUDIT","userId":"6a46f496b4f9e866b157a2be"}
{"action":"LOGIN_FAILED","detail":"Contraseña incorrecta","ip":"::1","level":"info","message":"AUDIT_EVENT","resource":"auth","resourceId":"N/A","result":"DENIED","role":"client","timestamp":"2026-07-07 17:00:59","type":"AUDIT","userId":"6a46f496b4f9e866b157a2be"}
{"action":"LOGIN_FAILED","detail":"Contraseña incorrecta","ip":"::1","level":"info","message":"AUDIT_EVENT","resource":"auth","resourceId":"N/A","result":"DENIED","role":"client","timestamp":"2026-07-07 17:01:00","type":"AUDIT","userId":"6a46f496b4f9e866b157a2be"}
{"action":"LOGIN_FAILED","detail":"Contraseña incorrecta","ip":"::1","level":"info","message":"AUDIT_EVENT","resource":"auth","resourceId":"N/A","result":"DENIED","role":"client","timestamp":"2026-07-07 17:01:02","type":"AUDIT","userId":"6a46f496b4f9e866b157a2be"}
{"action":"LOGIN_FAILED","detail":"Contraseña incorrecta","ip":"::1","level":"info","message":"AUDIT_EVENT","resource":"auth","resourceId":"N/A","result":"DENIED","role":"client","timestamp":"2026-07-07 17:01:04","type":"AUDIT","userId":"6a46f496b4f9e866b157a2be"}
{"ip":"::1","level":"warn","message":"RATE_LIMIT_EXCEEDED","method":"POST","path":"/login","timestamp":"2026-07-07 17:01:05","type":"SECURITY","userAgent":"PostmanRuntime/7.54.0"}
{"ip":"::1","level":"warn","message":"RATE_LIMIT_EXCEEDED","method":"POST","path":"/login","timestamp":"2026-07-07 17:01:07","type":"SECURITY","userAgent":"PostmanRuntime/7.54.0"}
{"action":"ARCO_ACCESS","detail":"El usuario ejerció su derecho de Acceso a sus datos personales","ip":"::1","level":"info","message":"AUDIT_EVENT","resource":"users","resourceId":"6a46f404c33038543b73279b","result":"SUCCESS","role":"admin","timestamp":"2026-07-07 17:10:21","type":"AUDIT","userId":"6a46f404c33038543b73279b"}
{"action":"ARCO_OPPOSITION","detail":"El usuario ejerció su derecho de Oposición para: marketing","ip":"::1","level":"info","message":"AUDIT_EVENT","resource":"users","resourceId":"6a46f404c33038543b73279b","result":"SUCCESS","role":"admin","timestamp":"2026-07-07 17:11:38","type":"AUDIT","userId":"6a46f404c33038543b73279b"}
{"action":"ARCO_CANCEL","detail":"El usuario ejerció su derecho de Cancelación. Datos bloqueados. Anonimización en 30 días.","ip":"::1","level":"info","message":"AUDIT_EVENT","resource":"users","resourceId":"6a46f404c33038543b73279b","result":"SUCCESS","role":"admin","timestamp":"2026-07-07 17:12:08","type":"AUDIT","userId":"6a46f404c33038543b73279b"}
{"ip":"::1","level":"warn","message":"RATE_LIMIT_EXCEEDED","method":"POST","path":"/login","timestamp":"2026-07-07 17:13:03","type":"SECURITY","userAgent":"PostmanRuntime/7.54.0"}
{"ip":"::1","level":"warn","message":"RATE_LIMIT_EXCEEDED","method":"POST","path":"/login","timestamp":"2026-07-07 17:13:17","type":"SECURITY","userAgent":"PostmanRuntime/7.54.0"}
{"action":"LOGIN_SUCCESS","detail":"","ip":"::1","level":"info","message":"AUDIT_EVENT","resource":"auth","resourceId":"N/A","result":"SUCCESS","role":"client","timestamp":"2026-07-07 17:14:15","type":"AUDIT","userId":"6a4706f172a765cba11495d8"}
{"error":"Unexpected token '6', \"6a46f404c3\"... is not valid JSON","level":"error","message":"GLOBAL_ERROR","method":"GET","path":"/api/admin/users/6a46f404c33038543b73279b","timestamp":"2026-07-07 17:17:09"}
{"jwtExpires":"7d","jwtSecret":"Definido","level":"info","message":"SERVER_START","mongodb":"Definido","nodeEnv":"development","port":"3000","timestamp":"2026-07-08 16:15:24"}
{"level":"info","message":"ANONYMIZATION_JOB_SCHEDULED Job de anonimización de datos programado correctamente","schedule":"0 2 * * * (cada día a las 2:00 AM)","timestamp":"2026-07-08 16:15:24","type":"LIFECYCLE"}
{"level":"info","message":"SERVER_READY Servidor corriendo en http://localhost:3000","timestamp":"2026-07-08 16:15:24"}
{"action":"REGISTER","detail":"","ip":"::1","level":"info","message":"AUDIT_EVENT","resource":"users","resourceId":"6a4ecc45815bba84d87165d5","result":"SUCCESS","role":"client","timestamp":"2026-07-08 16:16:37","type":"AUDIT","userId":"6a4ecc45815bba84d87165d5"}
{"action":"REGISTER","detail":"","ip":"::1","level":"info","message":"AUDIT_EVENT","resource":"users","resourceId":"6a4ece0a815bba84d87165d6","result":"SUCCESS","role":"client","timestamp":"2026-07-08 16:24:10","type":"AUDIT","userId":"6a4ece0a815bba84d87165d6"}
{"action":"REGISTER","detail":"","ip":"::1","level":"info","message":"AUDIT_EVENT","resource":"users","resourceId":"6a4ece5a815bba84d87165d7","result":"SUCCESS","role":"client","timestamp":"2026-07-08 16:25:30","type":"AUDIT","userId":"6a4ece5a815bba84d87165d7"}
{"jwtExpires":"7d","jwtSecret":"Definido","level":"info","message":"SERVER_START","mongodb":"Definido","nodeEnv":"development","port":"3000","timestamp":"2026-07-08 16:26:29"}
{"level":"info","message":"ANONYMIZATION_JOB_SCHEDULED Job de anonimización de datos programado correctamente","schedule":"0 2 * * * (cada día a las 2:00 AM)","timestamp":"2026-07-08 16:26:29","type":"LIFECYCLE"}
{"level":"info","message":"SERVER_READY Servidor corriendo en http://localhost:3000","timestamp":"2026-07-08 16:26:29"}
{"jwtExpires":"7d","jwtSecret":"Definido","level":"info","message":"SERVER_START","mongodb":"Definido","nodeEnv":"development","port":"3000","timestamp":"2026-07-08 16:26:58"}
{"level":"info","message":"ANONYMIZATION_JOB_SCHEDULED Job de anonimización de datos programado correctamente","schedule":"0 2 * * * (cada día a las 2:00 AM)","timestamp":"2026-07-08 16:26:58","type":"LIFECYCLE"}
{"level":"info","message":"SERVER_READY Servidor corriendo en http://localhost:3000","timestamp":"2026-07-08 16:26:58"}
{"action":"REGISTER","detail":"","ip":"::1","level":"info","message":"AUDIT_EVENT","resource":"users","resourceId":"6a4ecebf117a006ed5c6ca56","result":"SUCCESS","role":"client","timestamp":"2026-07-08 16:27:11","type":"AUDIT","userId":"6a4ecebf117a006ed5c6ca56"}
{"jwtExpires":"7d","jwtSecret":"Definido","level":"info","message":"SERVER_START","mongodb":"Definido","nodeEnv":"development","port":"3000","timestamp":"2026-07-08 16:33:32"}
{"level":"info","message":"ANONYMIZATION_JOB_SCHEDULED Job de anonimización de datos programado correctamente","schedule":"0 2 * * * (cada día a las 2:00 AM)","timestamp":"2026-07-08 16:33:32","type":"LIFECYCLE"}
{"level":"info","message":"SERVER_READY Servidor corriendo en http://localhost:3000","timestamp":"2026-07-08 16:33:32"}
{"jwtExpires":"7d","jwtSecret":"Definido","level":"info","message":"SERVER_START","mongodb":"Definido","nodeEnv":"development","port":"3000","timestamp":"2026-07-08 16:33:35"}
{"level":"info","message":"ANONYMIZATION_JOB_SCHEDULED Job de anonimización de datos programado correctamente","schedule":"0 2 * * * (cada día a las 2:00 AM)","timestamp":"2026-07-08 16:33:35","type":"LIFECYCLE"}
{"level":"info","message":"SERVER_READY Servidor corriendo en http://localhost:3000","timestamp":"2026-07-08 16:33:35"}
{"jwtExpires":"7d","jwtSecret":"Definido","level":"info","message":"SERVER_START","mongodb":"Definido","nodeEnv":"development","port":"3000","timestamp":"2026-07-08 16:33:44"}
{"level":"info","message":"ANONYMIZATION_JOB_SCHEDULED Job de anonimización de datos programado correctamente","schedule":"0 2 * * * (cada día a las 2:00 AM)","timestamp":"2026-07-08 16:33:44","type":"LIFECYCLE"}
{"level":"info","message":"SERVER_READY Servidor corriendo en http://localhost:3000","timestamp":"2026-07-08 16:33:44"}
{"jwtExpires":"7d","jwtSecret":"Definido","level":"info","message":"SERVER_START","mongodb":"Definido","nodeEnv":"development","port":"3000","timestamp":"2026-07-09 12:25:47"}
{"level":"info","message":"ANONYMIZATION_JOB_SCHEDULED Job de anonimización de datos programado correctamente","schedule":"0 2 * * * (cada día a las 2:00 AM)","timestamp":"2026-07-09 12:25:47","type":"LIFECYCLE"}
{"level":"info","message":"SERVER_READY Servidor corriendo en http://localhost:3000","timestamp":"2026-07-09 12:25:47"}
{"error":"Cannot set property query of #<IncomingMessage> which has only a getter","level":"error","message":"GLOBAL_ERROR","method":"POST","path":"/api/auth/register","timestamp":"2026-07-09 12:26:32"}
{"field":"body","ip":"::1","level":"warn","message":"NOSQL_INJECTION_ATTEMPT","path":"/api/auth/register","timestamp":"2026-07-09 12:29:00","type":"SECURITY"}
{"error":"Cannot set property query of #<IncomingMessage> which has only a getter","level":"error","message":"GLOBAL_ERROR","method":"POST","path":"/api/auth/register","timestamp":"2026-07-09 12:29:00"}
{"jwtExpires":"7d","jwtSecret":"Definido","level":"info","message":"SERVER_START","mongodb":"Definido","nodeEnv":"development","port":"3000","timestamp":"2026-07-09 12:30:12"}
{"level":"info","message":"ANONYMIZATION_JOB_SCHEDULED Job de anonimización de datos programado correctamente","schedule":"0 2 * * * (cada día a las 2:00 AM)","timestamp":"2026-07-09 12:30:12","type":"LIFECYCLE"}
{"level":"info","message":"SERVER_READY Servidor corriendo en http://localhost:3000","timestamp":"2026-07-09 12:30:12"}
{"jwtExpires":"7d","jwtSecret":"Definido","level":"info","message":"SERVER_START","mongodb":"Definido","nodeEnv":"development","port":"3000","timestamp":"2026-07-09 12:30:39"}
{"level":"info","message":"ANONYMIZATION_JOB_SCHEDULED Job de anonimización de datos programado correctamente","schedule":"0 2 * * * (cada día a las 2:00 AM)","timestamp":"2026-07-09 12:30:39","type":"LIFECYCLE"}
{"level":"info","message":"SERVER_READY Servidor corriendo en http://localhost:3000","timestamp":"2026-07-09 12:30:39"}
{"action":"LOGIN_SUCCESS","detail":"","ip":"::1","level":"info","message":"AUDIT_EVENT","resource":"auth","resourceId":"N/A","result":"SUCCESS","role":"client","timestamp":"2026-07-09 12:33:06","type":"AUDIT","userId":"6a4706f172a765cba11495d8"}
{"jwtExpires":"7d","jwtSecret":"Definido","level":"info","message":"SERVER_START","mongodb":"Definido","nodeEnv":"development","port":"3000","timestamp":"2026-07-09 12:38:17"}
{"level":"info","message":"ANONYMIZATION_JOB_SCHEDULED Job de anonimización de datos programado correctamente","schedule":"0 2 * * * (cada día a las 2:00 AM)","timestamp":"2026-07-09 12:38:18","type":"LIFECYCLE"}
{"level":"info","message":"SERVER_READY Servidor corriendo en http://localhost:3000","timestamp":"2026-07-09 12:38:18"}
{"jwtExpires":"7d","jwtSecret":"Definido","level":"info","message":"SERVER_START","mongodb":"Definido","nodeEnv":"development","port":"3000","timestamp":"2026-07-09 12:38:21"}
{"level":"info","message":"ANONYMIZATION_JOB_SCHEDULED Job de anonimización de datos programado correctamente","schedule":"0 2 * * * (cada día a las 2:00 AM)","timestamp":"2026-07-09 12:38:22","type":"LIFECYCLE"}
{"level":"info","message":"SERVER_READY Servidor corriendo en http://localhost:3000","timestamp":"2026-07-09 12:38:22"}
{"jwtExpires":"7d","jwtSecret":"Definido","level":"info","message":"SERVER_START","mongodb":"Definido","nodeEnv":"development","port":"3000","timestamp":"2026-07-09 12:38:25"}
{"level":"info","message":"ANONYMIZATION_JOB_SCHEDULED Job de anonimización de datos programado correctamente","schedule":"0 2 * * * (cada día a las 2:00 AM)","timestamp":"2026-07-09 12:38:25","type":"LIFECYCLE"}
{"level":"info","message":"SERVER_READY Servidor corriendo en http://localhost:3000","timestamp":"2026-07-09 12:38:25"}
